<?xml version="1.0" encoding="UTF-8"?>
<testsuite xmlns:xsi="http://www.w3.org/2001/XMLSchema-instance" xsi:noNamespaceSchemaLocation="https://maven.apache.org/surefire/maven-surefire-plugin/xsd/surefire-test-report.xsd" name="spaceship.operations.MovableAdapterGeneratorTest" time="0.062" tests="1" errors="0" skipped="0" failures="0">
  <properties>
    <property name="java.specification.version" value="17"/>
    <property name="sun.cpu.isalist" value="amd64"/>
    <property name="sun.jnu.encoding" value="Cp1251"/>
    <property name="java.class.path" value="C:\!ДИТМ\GIGAIDE_GIT\ADAPTAER_MOST\target\test-classes;C:\!ДИТМ\GIGAIDE_GIT\ADAPTAER_MOST\target\classes;C:\Users\zakharovva4\.m2\repository\org\junit\jupiter\junit-jupiter\5.9.0\junit-jupiter-5.9.0.jar;C:\Users\zakharovva4\.m2\repository\org\junit\jupiter\junit-jupiter-api\5.9.0\junit-jupiter-api-5.9.0.jar;C:\Users\zakharovva4\.m2\repository\org\opentest4j\opentest4j\1.2.0\opentest4j-1.2.0.jar;C:\Users\zakharovva4\.m2\repository\org\junit\platform\junit-platform-commons\1.9.0\junit-platform-commons-1.9.0.jar;C:\Users\zakharovva4\.m2\repository\org\apiguardian\apiguardian-api\1.1.2\apiguardian-api-1.1.2.jar;C:\Users\zakharovva4\.m2\repository\org\junit\jupiter\junit-jupiter-params\5.9.0\junit-jupiter-params-5.9.0.jar;C:\Users\zakharovva4\.m2\repository\org\junit\jupiter\junit-jupiter-engine\5.9.0\junit-jupiter-engine-5.9.0.jar;C:\Users\zakharovva4\.m2\repository\org\junit\platform\junit-platform-engine\1.9.0\junit-platform-engine-1.9.0.jar;"/>
    <property name="java.vm.vendor" value="BellSoft"/>
    <property name="sun.arch.data.model" value="64"/>
    <property name="user.variant" value=""/>
    <property name="java.vendor.url" value="https://bell-sw.com/"/>
    <property name="user.timezone" value="Europe/Moscow"/>
    <property name="os.name" value="Windows 10"/>
    <property name="java.vm.specification.version" value="17"/>
    <property name="sun.java.launcher" value="SUN_STANDARD"/>
    <property name="user.country" value="RU"/>
    <property name="sun.boot.library.path" value="C:\Users\zakharovva4\.jdks\liberica-full-17.0.12\bin"/>
    <property name="sun.java.command" value="C:\Users\ZAKHAR~1\AppData\Local\Temp\surefire14982953782117186186\surefirebooter10935597433367895539.jar C:\Users\zakharovva4\AppData\Local\Temp\surefire14982953782117186186 2024-12-05T10-13-04_162-jvmRun1 surefire11508607909240003428tmp surefire_011792379782447598573tmp"/>
    <property name="jdk.debug" value="release"/>
    <property name="surefire.test.class.path" value="C:\!ДИТМ\GIGAIDE_GIT\ADAPTAER_MOST\target\test-classes;C:\!ДИТМ\GIGAIDE_GIT\ADAPTAER_MOST\target\classes;C:\Users\zakharovva4\.m2\repository\org\junit\jupiter\junit-jupiter\5.9.0\junit-jupiter-5.9.0.jar;C:\Users\zakharovva4\.m2\repository\org\junit\jupiter\junit-jupiter-api\5.9.0\junit-jupiter-api-5.9.0.jar;C:\Users\zakharovva4\.m2\repository\org\opentest4j\opentest4j\1.2.0\opentest4j-1.2.0.jar;C:\Users\zakharovva4\.m2\repository\org\junit\platform\junit-platform-commons\1.9.0\junit-platform-commons-1.9.0.jar;C:\Users\zakharovva4\.m2\repository\org\apiguardian\apiguardian-api\1.1.2\apiguardian-api-1.1.2.jar;C:\Users\zakharovva4\.m2\repository\org\junit\jupiter\junit-jupiter-params\5.9.0\junit-jupiter-params-5.9.0.jar;C:\Users\zakharovva4\.m2\repository\org\junit\jupiter\junit-jupiter-engine\5.9.0\junit-jupiter-engine-5.9.0.jar;C:\Users\zakharovva4\.m2\repository\org\junit\platform\junit-platform-engine\1.9.0\junit-platform-engine-1.9.0.jar;"/>
    <property name="sun.cpu.endian" value="little"/>
    <property name="user.home" value="C:\Users\zakharovva4"/>
    <property name="user.language" value="ru"/>
    <property name="java.specification.vendor" value="Oracle Corporation"/>
    <property name="java.version.date" value="2024-07-16"/>
    <property name="java.home" value="C:\Users\zakharovva4\.jdks\liberica-full-17.0.12"/>
    <property name="file.separator" value="\"/>
    <property name="basedir" value="C:\!ДИТМ\GIGAIDE_GIT\ADAPTAER_MOST"/>
    <property name="java.vm.compressedOopsMode" value="Zero based"/>
    <property name="line.separator" value="&#10;"/>
    <property name="java.vm.specification.vendor" value="Oracle Corporation"/>
    <property name="java.specification.name" value="Java Platform API Specification"/>
    <property name="surefire.real.class.path" value="C:\Users\ZAKHAR~1\AppData\Local\Temp\surefire14982953782117186186\surefirebooter10935597433367895539.jar"/>
    <property name="user.script" value=""/>
    <property name="sun.management.compiler" value="HotSpot 64-Bit Tiered Compilers"/>
    <property name="java.runtime.version" value="17.0.12+10-LTS"/>
    <property name="user.name" value="ZakharovVA4"/>
    <property name="path.separator" value=";"/>
    <property name="os.version" value="10.0"/>
    <property name="java.runtime.name" value="OpenJDK Runtime Environment"/>
    <property name="file.encoding" value="Cp1251"/>
    <property name="java.vm.name" value="OpenJDK 64-Bit Server VM"/>
    <property name="localRepository" value="C:\Users\zakharovva4\.m2\repository"/>
    <property name="java.vendor.url.bug" value="https://bell-sw.com/support"/>
    <property name="java.io.tmpdir" value="C:\Users\ZAKHAR~1\AppData\Local\Temp\"/>
    <property name="idea.version" value="2024.1.1"/>
    <property name="java.version" value="17.0.12"/>
    <property name="user.dir" value="C:\!ДИТМ\GIGAIDE_GIT\ADAPTAER_MOST"/>
    <property name="os.arch" value="amd64"/>
    <property name="java.vm.specification.name" value="Java Virtual Machine Specification"/>
    <property name="sun.os.patch.level" value=""/>
    <property name="native.encoding" value="Cp1251"/>
    <property name="java.library.path" value="C:\Users\zakharovva4\.jdks\liberica-full-17.0.12\bin;C:\Windows\Sun\Java\bin;C:\Windows\system32;C:\Windows;C:\Windows\system32;C:\Windows;C:\Windows\System32\Wbem;C:\Windows\System32\WindowsPowerShell\v1.0\;C:\Windows\System32\OpenSSH\;C:\Windows\CCM;C:\Windows\CCM;C:\Windows\CCM;C:\Windows\CCM;C:\Program Files\Git\cmd;C:\Program Files\TortoiseGit\bin;C:\Program Files (x86)\Microsoft SQL Server\150\DTS\Binn\;C:\Program Files\Azure Data Studio\bin;C:\Users\zakharovva4\AppData\Local\Microsoft\WindowsApps;;."/>
    <property name="java.vm.info" value="mixed mode, sharing"/>
    <property name="java.vendor" value="BellSoft"/>
    <property name="java.vm.version" value="17.0.12+10-LTS"/>
    <property name="sun.io.unicode.encoding" value="UnicodeLittle"/>
    <property name="java.class.version" value="61.0"/>
  </properties>
  <testcase name="testGenerateAdapter" classname="spaceship.operations.MovableAdapterGeneratorTest" time="0.05"/>
</testsuite>